D:\Projetos\books-everywhere-v2\BooksEverywhere\BooksEverywhere.Front\dist\out-tsc\e2e\src\app.po.js
D:\Projetos\books-everywhere-v2\BooksEverywhere\BooksEverywhere.Front\dist\out-tsc\e2e\src\app.po.js.map
D:\Projetos\books-everywhere-v2\BooksEverywhere\BooksEverywhere.Front\dist\out-tsc\e2e\src\app.e2e-spec.js
D:\Projetos\books-everywhere-v2\BooksEverywhere\BooksEverywhere.Front\dist\out-tsc\e2e\src\app.e2e-spec.js.map
D:\Projetos\books-everywhere-v2\BooksEverywhere\BooksEverywhere.Front\dist\out-tsc\src\app\helpers\helpers.js
D:\Projetos\books-everywhere-v2\BooksEverywhere\BooksEverywhere.Front\dist\out-tsc\src\app\helpers\helpers.js.map
D:\Projetos\books-everywhere-v2\BooksEverywhere\BooksEverywhere.Front\dist\out-tsc\src\app\helpers\canActivateAuthGuard.js
D:\Projetos\books-everywhere-v2\BooksEverywhere\BooksEverywhere.Front\dist\out-tsc\src\app\helpers\canActivateAuthGuard.js.map
D:\Projetos\books-everywhere-v2\BooksEverywhere\BooksEverywhere.Front\dist\out-tsc\src\app\models\user.js
D:\Projetos\books-everywhere-v2\BooksEverywhere\BooksEverywhere.Front\dist\out-tsc\src\app\models\user.js.map
D:\Projetos\books-everywhere-v2\BooksEverywhere\BooksEverywhere.Front\dist\out-tsc\src\app\services\base.service.js
D:\Projetos\books-everywhere-v2\BooksEverywhere\BooksEverywhere.Front\dist\out-tsc\src\app\services\base.service.js.map
D:\Projetos\books-everywhere-v2\BooksEverywhere\BooksEverywhere.Front\dist\out-tsc\src\app\config\config.js
D:\Projetos\books-everywhere-v2\BooksEverywhere\BooksEverywhere.Front\dist\out-tsc\src\app\config\config.js.map
D:\Projetos\books-everywhere-v2\BooksEverywhere\BooksEverywhere.Front\dist\out-tsc\src\app\services\user.service.js
D:\Projetos\books-everywhere-v2\BooksEverywhere\BooksEverywhere.Front\dist\out-tsc\src\app\services\user.service.js.map
D:\Projetos\books-everywhere-v2\BooksEverywhere\BooksEverywhere.Front\dist\out-tsc\src\app\public\public.component.js
D:\Projetos\books-everywhere-v2\BooksEverywhere\BooksEverywhere.Front\dist\out-tsc\src\app\public\public.component.js.map
D:\Projetos\books-everywhere-v2\BooksEverywhere\BooksEverywhere.Front\dist\out-tsc\src\app\app-routing.module.js
D:\Projetos\books-everywhere-v2\BooksEverywhere\BooksEverywhere.Front\dist\out-tsc\src\app\app-routing.module.js.map
D:\Projetos\books-everywhere-v2\BooksEverywhere\BooksEverywhere.Front\dist\out-tsc\src\app\app.component.js
D:\Projetos\books-everywhere-v2\BooksEverywhere\BooksEverywhere.Front\dist\out-tsc\src\app\app.component.js.map
D:\Projetos\books-everywhere-v2\BooksEverywhere\BooksEverywhere.Front\dist\out-tsc\src\app\app.module.js
D:\Projetos\books-everywhere-v2\BooksEverywhere\BooksEverywhere.Front\dist\out-tsc\src\app\app.module.js.map
D:\Projetos\books-everywhere-v2\BooksEverywhere\BooksEverywhere.Front\dist\out-tsc\src\environments\environment.js
D:\Projetos\books-everywhere-v2\BooksEverywhere\BooksEverywhere.Front\dist\out-tsc\src\environments\environment.js.map
D:\Projetos\books-everywhere-v2\BooksEverywhere\BooksEverywhere.Front\dist\out-tsc\src\main.js
D:\Projetos\books-everywhere-v2\BooksEverywhere\BooksEverywhere.Front\dist\out-tsc\src\main.js.map
D:\Projetos\books-everywhere-v2\BooksEverywhere\BooksEverywhere.Front\dist\out-tsc\src\polyfills.js
D:\Projetos\books-everywhere-v2\BooksEverywhere\BooksEverywhere.Front\dist\out-tsc\src\polyfills.js.map
D:\Projetos\books-everywhere-v2\BooksEverywhere\BooksEverywhere.Front\dist\out-tsc\src\test.js
D:\Projetos\books-everywhere-v2\BooksEverywhere\BooksEverywhere.Front\dist\out-tsc\src\test.js.map
D:\Projetos\books-everywhere-v2\BooksEverywhere\BooksEverywhere.Front\dist\out-tsc\src\app\services\token.service.js
D:\Projetos\books-everywhere-v2\BooksEverywhere\BooksEverywhere.Front\dist\out-tsc\src\app\services\token.service.js.map
D:\Projetos\books-everywhere-v2\BooksEverywhere\BooksEverywhere.Front\dist\out-tsc\src\app\components\login\login.component.js
D:\Projetos\books-everywhere-v2\BooksEverywhere\BooksEverywhere.Front\dist\out-tsc\src\app\components\login\login.component.js.map
D:\Projetos\books-everywhere-v2\BooksEverywhere\BooksEverywhere.Front\dist\out-tsc\src\app\components\logout\logout.component.js
D:\Projetos\books-everywhere-v2\BooksEverywhere\BooksEverywhere.Front\dist\out-tsc\src\app\components\logout\logout.component.js.map
D:\Projetos\books-everywhere-v2\BooksEverywhere\BooksEverywhere.Front\dist\out-tsc\src\app\layout\head.component.js
D:\Projetos\books-everywhere-v2\BooksEverywhere\BooksEverywhere.Front\dist\out-tsc\src\app\layout\head.component.js.map
D:\Projetos\books-everywhere-v2\BooksEverywhere\BooksEverywhere.Front\dist\out-tsc\src\app\layout\left-side.component.js
D:\Projetos\books-everywhere-v2\BooksEverywhere\BooksEverywhere.Front\dist\out-tsc\src\app\layout\left-side.component.js.map
D:\Projetos\books-everywhere-v2\BooksEverywhere\BooksEverywhere.Front\dist\out-tsc\src\environments\environment.prod.js
D:\Projetos\books-everywhere-v2\BooksEverywhere\BooksEverywhere.Front\dist\out-tsc\src\environments\environment.prod.js.map
